<?xml version="1.0" encoding="UTF-8"?>
<testsuite name="com.mcnichol.entity.AccountTest" tests="4" skipped="0" failures="0" errors="0" timestamp="2020-11-16T02:05:01" hostname="mcnichols-iMac.lab.local" time="0.024">
  <properties/>
  <testcase name="givenAccount_whenCredited0_throwsUnsupportedOperationException()" classname="com.mcnichol.entity.AccountTest" time="0.019"/>
  <testcase name="givenAccount_whenInitializingWith10_balanceIs10()" classname="com.mcnichol.entity.AccountTest" time="0.0"/>
  <testcase name="givenAccount_whenUsingDefaultConstructor_balanceIsZero()" classname="com.mcnichol.entity.AccountTest" time="0.002"/>
  <testcase name="givenAccountWith0_whenCredited10_balanceIs10()" classname="com.mcnichol.entity.AccountTest" time="0.0"/>
  <system-out><![CDATA[0
]]></system-out>
  <system-err><![CDATA[]]></system-err>
</testsuite>
